[2026-01-27 20:37:58] Acción solicitada: get_details
[2026-01-27 20:37:58] Obteniendo detalles para Receta ID: 1
[2026-01-27 20:37:58] Filas encontradas: 1
[2026-01-27 20:37:59] Acción solicitada: get_details
[2026-01-27 20:37:59] Obteniendo detalles para Receta ID: 2
[2026-01-27 20:37:59] Filas encontradas: 2
[2026-01-27 20:38:02] Acción solicitada: get_details
[2026-01-27 20:38:02] Obteniendo detalles para Receta ID: 1
[2026-01-27 20:38:02] Filas encontradas: 1
[2026-01-27 20:38:03] Acción solicitada: get_details
[2026-01-27 20:38:03] Obteniendo detalles para Receta ID: 2
[2026-01-27 20:38:03] Filas encontradas: 2
[2026-01-27 20:38:05] Acción solicitada: get_details
[2026-01-27 20:38:05] Obteniendo detalles para Receta ID: 1
[2026-01-27 20:38:05] Filas encontradas: 1
[2026-01-27 20:38:06] Acción solicitada: get_details
[2026-01-27 20:38:06] Obteniendo detalles para Receta ID: 1
[2026-01-27 20:38:06] Filas encontradas: 1
[2026-01-27 20:40:06] Acción solicitada: save_recipe
[2026-01-27 20:40:06] Guardando receta: cake 1500
[2026-01-27 20:40:06] Receta actualizada ID: 1
[2026-01-27 20:40:27] Acción solicitada: get_details
[2026-01-27 20:40:27] Obteniendo detalles para Receta ID: 2
[2026-01-27 20:40:27] Filas encontradas: 2
[2026-01-27 20:40:31] Acción solicitada: get_details
[2026-01-27 20:40:31] Obteniendo detalles para Receta ID: 2
[2026-01-27 20:40:31] Filas encontradas: 2
[2026-01-27 20:40:56] Acción solicitada: save_recipe
[2026-01-27 20:40:56] Guardando receta: picadillo en jaba 
[2026-01-27 20:40:56] Receta actualizada ID: 2
[2026-01-27 20:41:15] Acción solicitada: get_details
[2026-01-27 20:41:15] Obteniendo detalles para Receta ID: 1
[2026-01-27 20:41:15] Filas encontradas: 4
[2026-01-27 20:41:16] Acción solicitada: get_details
[2026-01-27 20:41:16] Obteniendo detalles para Receta ID: 2
[2026-01-27 20:41:16] Filas encontradas: 2
[2026-01-27 20:41:17] Acción solicitada: get_details
[2026-01-27 20:41:17] Obteniendo detalles para Receta ID: 1
[2026-01-27 20:41:17] Filas encontradas: 4
[2026-01-27 20:41:18] Acción solicitada: get_details
[2026-01-27 20:41:18] Obteniendo detalles para Receta ID: 2
[2026-01-27 20:41:18] Filas encontradas: 2
[2026-01-27 20:41:18] Acción solicitada: get_details
[2026-01-27 20:41:18] Obteniendo detalles para Receta ID: 1
[2026-01-27 20:41:18] Filas encontradas: 4
[2026-01-27 20:41:22] Acción solicitada: get_details
[2026-01-27 20:41:22] Obteniendo detalles para Receta ID: 2
[2026-01-27 20:41:22] Filas encontradas: 2
[2026-01-27 20:41:23] Acción solicitada: get_details
[2026-01-27 20:41:23] Obteniendo detalles para Receta ID: 1
[2026-01-27 20:41:23] Filas encontradas: 4
[2026-01-27 20:41:23] Acción solicitada: get_details
[2026-01-27 20:41:23] Obteniendo detalles para Receta ID: 2
[2026-01-27 20:41:23] Filas encontradas: 2
[2026-01-27 20:41:25] Acción solicitada: get_details
[2026-01-27 20:41:25] Obteniendo detalles para Receta ID: 1
[2026-01-27 20:41:25] Filas encontradas: 4
[2026-01-27 20:41:27] Acción solicitada: get_details
[2026-01-27 20:41:27] Obteniendo detalles para Receta ID: 2
[2026-01-27 20:41:27] Filas encontradas: 2
[2026-01-27 20:41:29] Acción solicitada: get_details
[2026-01-27 20:41:29] Obteniendo detalles para Receta ID: 1
[2026-01-27 20:41:29] Filas encontradas: 4
[2026-01-27 20:41:32] Acción solicitada: get_details
[2026-01-27 20:41:32] Obteniendo detalles para Receta ID: 2
[2026-01-27 20:41:32] Filas encontradas: 2
[2026-01-27 20:41:34] Acción solicitada: get_details
[2026-01-27 20:41:34] Obteniendo detalles para Receta ID: 1
[2026-01-27 20:41:34] Filas encontradas: 4
[2026-01-27 20:41:35] Acción solicitada: get_details
[2026-01-27 20:41:35] Obteniendo detalles para Receta ID: 2
[2026-01-27 20:41:35] Filas encontradas: 2
